<?xml version="1.0" encoding="UTF-8"?>
<coverage generated="1583247340491" clover="3.2.0">
  <project timestamp="1583247340491" name="All files">
    <metrics statements="2" coveredstatements="2" conditionals="0" coveredconditionals="0" methods="0" coveredmethods="0" elements="2" coveredelements="2" complexity="0" loc="2" ncloc="2" packages="1" files="1" classes="1"/>
    <file name="stores.js" path="/Users/benfirth/Turing/Mod_4/projects/svelt-proj/goGallery/src/stores.js">
      <metrics statements="2" coveredstatements="2" conditionals="0" coveredconditionals="0" methods="0" coveredmethods="0"/>
      <line num="3" count="2" type="stmt"/>
      <line num="4" count="2" type="stmt"/>
    </file>
  </project>
</coverage>
